<?xml version="1.0" encoding="UTF-8"?>
<testsuite name="CabInvoiceTest" tests="1" skipped="0" failures="0" errors="0" timestamp="2020-08-30T19:04:39" hostname="EEE1407203" time="0.004">
  <properties/>
  <testcase name="givenDistanceAndTime_ShouldReturnTotalFare" classname="CabInvoiceTest" time="0.004"/>
  <system-out><![CDATA[]]></system-out>
  <system-err><![CDATA[]]></system-err>
</testsuite>
