<?xml version="1.0" encoding="UTF-8"?>
<testsuite name="CabInvoiceTest" tests="4" skipped="0" failures="0" errors="0" timestamp="2020-09-01T18:02:51" hostname="EEE1407203" time="0.01">
  <properties/>
  <testcase name="givenLessDistanceAndTime_ShouldReturnMinFare" classname="CabInvoiceTest" time="0.006"/>
  <testcase name="givenUserIdAndRides_ShouldReturnInvoiceSummary" classname="CabInvoiceTest" time="0.002"/>
  <testcase name="givenMultipleRide_ShouldReturnInvoiceSummary" classname="CabInvoiceTest" time="0.0"/>
  <testcase name="givenDistanceAndTime_ShouldReturnTotalFare" classname="CabInvoiceTest" time="0.001"/>
  <system-out><![CDATA[]]></system-out>
  <system-err><![CDATA[]]></system-err>
</testsuite>
